<?xml version="1.0" encoding="UTF-8"?>
<testExecutions version="1">
    <file path="C:\Users\Leonardo\git\seguranca-lab-sonarqube\src\test\app.test.js">
        <testCase name="Get Endpoints Get" duration="62"/>
    </file>
</testExecutions>